<?xml version="1.0" encoding="UTF-8"?>
<!-- Generated by org.testng.reporters.JUnitXMLReporter -->
<testsuite hostname="wps-MacBook-Pro.local" tests="20" failures="0" timestamp="7 Mar 2016 07:04:39 GMT" time="1011.696" errors="0">
  <testcase name="viewnologin" time="33.375" classname="TestBPNG"/>
  <testcase name="register" time="72.911" classname="TestBPNG"/>
  <testcase name="forgotpassword" time="13.292" classname="TestBPNG"/>
  <testcase name="login" time="72.871" classname="TestBPNG"/>
  <testcase name="checkSettingDetail" time="104.518" classname="TestBPNG"/>
  <testcase name="checkAccountDetail" time="94.84" classname="TestBPNG"/>
  <testcase name="updateName" time="32.704" classname="TestBPNG"/>
  <testcase name="uploadBgImg" time="58.097" classname="TestBPNG"/>
  <testcase name="uploadProfileImg" time="60.138" classname="TestBPNG"/>
  <testcase name="createBisnis" time="44.371" classname="TestBPNG"/>
  <testcase name="updateBisnis" time="35.065" classname="TestBPNG"/>
  <testcase name="uploadBisnisBgImg" time="54.497" classname="TestBPNG"/>
  <testcase name="uploadBisnisLogoImg" time="53.141" classname="TestBPNG"/>
  <testcase name="deleteMedia" time="36.262" classname="TestBPNG"/>
  <testcase name="addMedia" time="55.885" classname="TestBPNG"/>
  <testcase name="updateMedia" time="38.765" classname="TestBPNG"/>
  <testcase name="addbookmark" time="30.106" classname="TestBPNG"/>
  <testcase name="bookmark" time="30.988" classname="TestBPNG"/>
  <testcase name="chat" time="44.135" classname="TestBPNG"/>
  <testcase name="listchat" time="43.336" classname="TestBPNG"/>
</testsuite>
