<?xml version="1.0" encoding="UTF-8"?>
<!-- Generated by org.testng.reporters.JUnitXMLReporter -->
<testsuite hostname="WPs-Mac-mini.local" tests="20" failures="0" timestamp="3 Mar 2016 03:51:08 GMT" time="965.013" errors="0">
  <testcase name="viewnologin" time="34.98" classname="TestBPNG"/>
  <testcase name="register" time="71.516" classname="TestBPNG"/>
  <testcase name="forgotpassword" time="12.28" classname="TestBPNG"/>
  <testcase name="login" time="70.802" classname="TestBPNG"/>
  <testcase name="checkSettingDetail" time="100.929" classname="TestBPNG"/>
  <testcase name="checkAccountDetail" time="93.563" classname="TestBPNG"/>
  <testcase name="updateName" time="31.755" classname="TestBPNG"/>
  <testcase name="uploadBgImg" time="57.477" classname="TestBPNG"/>
  <testcase name="uploadProfileImg" time="61.009" classname="TestBPNG"/>
  <testcase name="createBisnis" time="35.598" classname="TestBPNG"/>
  <testcase name="updateBisnis" time="34.025" classname="TestBPNG"/>
  <testcase name="uploadBisnisBgImg" time="51.49" classname="TestBPNG"/>
  <testcase name="uploadBisnisLogoImg" time="51.511" classname="TestBPNG"/>
  <testcase name="deleteMedia" time="30.228" classname="TestBPNG"/>
  <testcase name="addMedia" time="54.11" classname="TestBPNG"/>
  <testcase name="updateMedia" time="34.727" classname="TestBPNG"/>
  <testcase name="addbookmark" time="30.981" classname="TestBPNG"/>
  <testcase name="bookmark" time="29.97" classname="TestBPNG"/>
  <testcase name="chat" time="39.283" classname="TestBPNG"/>
  <testcase name="listchat" time="34.202" classname="TestBPNG"/>
</testsuite>
