<?xml version="1.0" encoding="UTF-8"?>
<testng-results skipped="0" failed="0" total="20" passed="20">
  <reporter-output>
  </reporter-output>
  <suite name="Default suite" duration-ms="965013" started-at="2016-03-03T03:35:03Z" finished-at="2016-03-03T03:51:08Z">
    <groups>
    </groups>
    <test name="Default test" duration-ms="965013" started-at="2016-03-03T03:35:03Z" finished-at="2016-03-03T03:51:08Z">
      <class name="TestBPNG">
        <test-method status="PASS" signature="before()[pri:0, instance:TestBPNG@1d8d30f7]" name="before" is-config="true" duration-ms="4524" started-at="2016-03-03T10:35:03Z" finished-at="2016-03-03T10:35:08Z">
          <reporter-output>
          </reporter-output>
        </test-method> <!-- before -->
        <test-method status="PASS" signature="viewnologin()[pri:1, instance:TestBPNG@1d8d30f7]" name="viewnologin" duration-ms="34980" started-at="2016-03-03T10:35:08Z" finished-at="2016-03-03T10:35:43Z">
          <reporter-output>
          </reporter-output>
        </test-method> <!-- viewnologin -->
        <test-method status="PASS" signature="tearDown(org.testng.ITestResult)[pri:0, instance:TestBPNG@1d8d30f7]" name="tearDown" is-config="true" duration-ms="2" started-at="2016-03-03T10:35:43Z" finished-at="2016-03-03T10:35:43Z">
          <params>
            <param index="0">
              <value>
                <![CDATA[[TestResult name=viewnologin status=SUCCESS method=TestBPNG.viewnologin()[pri:1, instance:TestBPNG@1d8d30f7] output={null}]]]>
              </value>
            </param>
          </params>
          <reporter-output>
          </reporter-output>
        </test-method> <!-- tearDown -->
        <test-method status="PASS" signature="register()[pri:2, instance:TestBPNG@1d8d30f7]" name="register" duration-ms="71516" started-at="2016-03-03T10:35:43Z" finished-at="2016-03-03T10:36:54Z">
          <reporter-output>
          </reporter-output>
        </test-method> <!-- register -->
        <test-method status="PASS" signature="tearDown(org.testng.ITestResult)[pri:0, instance:TestBPNG@1d8d30f7]" name="tearDown" is-config="true" duration-ms="1" started-at="2016-03-03T10:36:54Z" finished-at="2016-03-03T10:36:54Z">
          <params>
            <param index="0">
              <value>
                <![CDATA[[TestResult name=register status=SUCCESS method=TestBPNG.register()[pri:2, instance:TestBPNG@1d8d30f7] output={null}]]]>
              </value>
            </param>
          </params>
          <reporter-output>
          </reporter-output>
        </test-method> <!-- tearDown -->
        <test-method status="PASS" signature="forgotpassword()[pri:3, instance:TestBPNG@1d8d30f7]" name="forgotpassword" duration-ms="12280" started-at="2016-03-03T10:36:54Z" finished-at="2016-03-03T10:37:06Z">
          <reporter-output>
          </reporter-output>
        </test-method> <!-- forgotpassword -->
        <test-method status="PASS" signature="tearDown(org.testng.ITestResult)[pri:0, instance:TestBPNG@1d8d30f7]" name="tearDown" is-config="true" duration-ms="0" started-at="2016-03-03T10:37:06Z" finished-at="2016-03-03T10:37:06Z">
          <params>
            <param index="0">
              <value>
                <![CDATA[[TestResult name=forgotpassword status=SUCCESS method=TestBPNG.forgotpassword()[pri:3, instance:TestBPNG@1d8d30f7] output={null}]]]>
              </value>
            </param>
          </params>
          <reporter-output>
          </reporter-output>
        </test-method> <!-- tearDown -->
        <test-method status="PASS" signature="login()[pri:4, instance:TestBPNG@1d8d30f7]" name="login" duration-ms="70802" started-at="2016-03-03T10:37:06Z" finished-at="2016-03-03T10:38:17Z">
          <reporter-output>
          </reporter-output>
        </test-method> <!-- login -->
        <test-method status="PASS" signature="tearDown(org.testng.ITestResult)[pri:0, instance:TestBPNG@1d8d30f7]" name="tearDown" is-config="true" duration-ms="1" started-at="2016-03-03T10:38:17Z" finished-at="2016-03-03T10:38:17Z">
          <params>
            <param index="0">
              <value>
                <![CDATA[[TestResult name=login status=SUCCESS method=TestBPNG.login()[pri:4, instance:TestBPNG@1d8d30f7] output={null}]]]>
              </value>
            </param>
          </params>
          <reporter-output>
          </reporter-output>
        </test-method> <!-- tearDown -->
        <test-method status="PASS" signature="checkSettingDetail()[pri:5, instance:TestBPNG@1d8d30f7]" name="checkSettingDetail" duration-ms="100929" started-at="2016-03-03T10:38:17Z" finished-at="2016-03-03T10:39:58Z">
          <reporter-output>
          </reporter-output>
        </test-method> <!-- checkSettingDetail -->
        <test-method status="PASS" signature="tearDown(org.testng.ITestResult)[pri:0, instance:TestBPNG@1d8d30f7]" name="tearDown" is-config="true" duration-ms="0" started-at="2016-03-03T10:39:58Z" finished-at="2016-03-03T10:39:58Z">
          <params>
            <param index="0">
              <value>
                <![CDATA[[TestResult name=checkSettingDetail status=SUCCESS method=TestBPNG.checkSettingDetail()[pri:5, instance:TestBPNG@1d8d30f7] output={null}]]]>
              </value>
            </param>
          </params>
          <reporter-output>
          </reporter-output>
        </test-method> <!-- tearDown -->
        <test-method status="PASS" signature="checkAccountDetail()[pri:6, instance:TestBPNG@1d8d30f7]" name="checkAccountDetail" duration-ms="93563" started-at="2016-03-03T10:39:58Z" finished-at="2016-03-03T10:41:32Z">
          <reporter-output>
          </reporter-output>
        </test-method> <!-- checkAccountDetail -->
        <test-method status="PASS" signature="tearDown(org.testng.ITestResult)[pri:0, instance:TestBPNG@1d8d30f7]" name="tearDown" is-config="true" duration-ms="0" started-at="2016-03-03T10:41:32Z" finished-at="2016-03-03T10:41:32Z">
          <params>
            <param index="0">
              <value>
                <![CDATA[[TestResult name=checkAccountDetail status=SUCCESS method=TestBPNG.checkAccountDetail()[pri:6, instance:TestBPNG@1d8d30f7] output={null}]]]>
              </value>
            </param>
          </params>
          <reporter-output>
          </reporter-output>
        </test-method> <!-- tearDown -->
        <test-method status="PASS" signature="updateName()[pri:7, instance:TestBPNG@1d8d30f7]" name="updateName" duration-ms="31755" started-at="2016-03-03T10:41:32Z" finished-at="2016-03-03T10:42:03Z">
          <reporter-output>
          </reporter-output>
        </test-method> <!-- updateName -->
        <test-method status="PASS" signature="tearDown(org.testng.ITestResult)[pri:0, instance:TestBPNG@1d8d30f7]" name="tearDown" is-config="true" duration-ms="1" started-at="2016-03-03T10:42:03Z" finished-at="2016-03-03T10:42:03Z">
          <params>
            <param index="0">
              <value>
                <![CDATA[[TestResult name=updateName status=SUCCESS method=TestBPNG.updateName()[pri:7, instance:TestBPNG@1d8d30f7] output={null}]]]>
              </value>
            </param>
          </params>
          <reporter-output>
          </reporter-output>
        </test-method> <!-- tearDown -->
        <test-method status="PASS" signature="uploadBgImg()[pri:8, instance:TestBPNG@1d8d30f7]" name="uploadBgImg" duration-ms="57477" started-at="2016-03-03T10:42:03Z" finished-at="2016-03-03T10:43:01Z">
          <reporter-output>
          </reporter-output>
        </test-method> <!-- uploadBgImg -->
        <test-method status="PASS" signature="uploadProfileImg()[pri:9, instance:TestBPNG@1d8d30f7]" name="uploadProfileImg" duration-ms="61009" started-at="2016-03-03T10:43:01Z" finished-at="2016-03-03T10:44:02Z">
          <reporter-output>
          </reporter-output>
        </test-method> <!-- uploadProfileImg -->
        <test-method status="PASS" signature="tearDown(org.testng.ITestResult)[pri:0, instance:TestBPNG@1d8d30f7]" name="tearDown" is-config="true" duration-ms="0" started-at="2016-03-03T10:43:01Z" finished-at="2016-03-03T10:43:01Z">
          <params>
            <param index="0">
              <value>
                <![CDATA[[TestResult name=uploadBgImg status=SUCCESS method=TestBPNG.uploadBgImg()[pri:8, instance:TestBPNG@1d8d30f7] output={null}]]]>
              </value>
            </param>
          </params>
          <reporter-output>
          </reporter-output>
        </test-method> <!-- tearDown -->
        <test-method status="PASS" signature="tearDown(org.testng.ITestResult)[pri:0, instance:TestBPNG@1d8d30f7]" name="tearDown" is-config="true" duration-ms="0" started-at="2016-03-03T10:44:02Z" finished-at="2016-03-03T10:44:02Z">
          <params>
            <param index="0">
              <value>
                <![CDATA[[TestResult name=uploadProfileImg status=SUCCESS method=TestBPNG.uploadProfileImg()[pri:9, instance:TestBPNG@1d8d30f7] output={null}]]]>
              </value>
            </param>
          </params>
          <reporter-output>
          </reporter-output>
        </test-method> <!-- tearDown -->
        <test-method status="PASS" signature="createBisnis()[pri:10, instance:TestBPNG@1d8d30f7]" name="createBisnis" duration-ms="35598" started-at="2016-03-03T10:44:02Z" finished-at="2016-03-03T10:44:37Z">
          <reporter-output>
          </reporter-output>
        </test-method> <!-- createBisnis -->
        <test-method status="PASS" signature="tearDown(org.testng.ITestResult)[pri:0, instance:TestBPNG@1d8d30f7]" name="tearDown" is-config="true" duration-ms="0" started-at="2016-03-03T10:44:37Z" finished-at="2016-03-03T10:44:37Z">
          <params>
            <param index="0">
              <value>
                <![CDATA[[TestResult name=createBisnis status=SUCCESS method=TestBPNG.createBisnis()[pri:10, instance:TestBPNG@1d8d30f7] output={null}]]]>
              </value>
            </param>
          </params>
          <reporter-output>
          </reporter-output>
        </test-method> <!-- tearDown -->
        <test-method status="PASS" signature="updateBisnis()[pri:11, instance:TestBPNG@1d8d30f7]" name="updateBisnis" duration-ms="34025" started-at="2016-03-03T10:44:37Z" finished-at="2016-03-03T10:45:11Z">
          <reporter-output>
          </reporter-output>
        </test-method> <!-- updateBisnis -->
        <test-method status="PASS" signature="uploadBisnisBgImg()[pri:12, instance:TestBPNG@1d8d30f7]" name="uploadBisnisBgImg" duration-ms="51490" started-at="2016-03-03T10:45:12Z" finished-at="2016-03-03T10:46:03Z">
          <reporter-output>
          </reporter-output>
        </test-method> <!-- uploadBisnisBgImg -->
        <test-method status="PASS" signature="tearDown(org.testng.ITestResult)[pri:0, instance:TestBPNG@1d8d30f7]" name="tearDown" is-config="true" duration-ms="0" started-at="2016-03-03T10:45:12Z" finished-at="2016-03-03T10:45:12Z">
          <params>
            <param index="0">
              <value>
                <![CDATA[[TestResult name=updateBisnis status=SUCCESS method=TestBPNG.updateBisnis()[pri:11, instance:TestBPNG@1d8d30f7] output={null}]]]>
              </value>
            </param>
          </params>
          <reporter-output>
          </reporter-output>
        </test-method> <!-- tearDown -->
        <test-method status="PASS" signature="tearDown(org.testng.ITestResult)[pri:0, instance:TestBPNG@1d8d30f7]" name="tearDown" is-config="true" duration-ms="0" started-at="2016-03-03T10:46:03Z" finished-at="2016-03-03T10:46:03Z">
          <params>
            <param index="0">
              <value>
                <![CDATA[[TestResult name=uploadBisnisBgImg status=SUCCESS method=TestBPNG.uploadBisnisBgImg()[pri:12, instance:TestBPNG@1d8d30f7] output={null}]]]>
              </value>
            </param>
          </params>
          <reporter-output>
          </reporter-output>
        </test-method> <!-- tearDown -->
        <test-method status="PASS" signature="uploadBisnisLogoImg()[pri:13, instance:TestBPNG@1d8d30f7]" name="uploadBisnisLogoImg" duration-ms="51511" started-at="2016-03-03T10:46:03Z" finished-at="2016-03-03T10:46:55Z">
          <reporter-output>
          </reporter-output>
        </test-method> <!-- uploadBisnisLogoImg -->
        <test-method status="PASS" signature="tearDown(org.testng.ITestResult)[pri:0, instance:TestBPNG@1d8d30f7]" name="tearDown" is-config="true" duration-ms="0" started-at="2016-03-03T10:46:55Z" finished-at="2016-03-03T10:46:55Z">
          <params>
            <param index="0">
              <value>
                <![CDATA[[TestResult name=uploadBisnisLogoImg status=SUCCESS method=TestBPNG.uploadBisnisLogoImg()[pri:13, instance:TestBPNG@1d8d30f7] output={null}]]]>
              </value>
            </param>
          </params>
          <reporter-output>
          </reporter-output>
        </test-method> <!-- tearDown -->
        <test-method status="PASS" signature="deleteMedia()[pri:14, instance:TestBPNG@1d8d30f7]" name="deleteMedia" duration-ms="30228" started-at="2016-03-03T10:46:55Z" finished-at="2016-03-03T10:47:25Z">
          <reporter-output>
          </reporter-output>
        </test-method> <!-- deleteMedia -->
        <test-method status="PASS" signature="addMedia()[pri:15, instance:TestBPNG@1d8d30f7]" name="addMedia" duration-ms="54110" started-at="2016-03-03T10:47:25Z" finished-at="2016-03-03T10:48:19Z">
          <reporter-output>
          </reporter-output>
        </test-method> <!-- addMedia -->
        <test-method status="PASS" signature="tearDown(org.testng.ITestResult)[pri:0, instance:TestBPNG@1d8d30f7]" name="tearDown" is-config="true" duration-ms="0" started-at="2016-03-03T10:47:25Z" finished-at="2016-03-03T10:47:25Z">
          <params>
            <param index="0">
              <value>
                <![CDATA[[TestResult name=deleteMedia status=SUCCESS method=TestBPNG.deleteMedia()[pri:14, instance:TestBPNG@1d8d30f7] output={null}]]]>
              </value>
            </param>
          </params>
          <reporter-output>
          </reporter-output>
        </test-method> <!-- tearDown -->
        <test-method status="PASS" signature="updateMedia()[pri:16, instance:TestBPNG@1d8d30f7]" name="updateMedia" duration-ms="34727" started-at="2016-03-03T10:48:19Z" finished-at="2016-03-03T10:48:54Z">
          <reporter-output>
          </reporter-output>
        </test-method> <!-- updateMedia -->
        <test-method status="PASS" signature="tearDown(org.testng.ITestResult)[pri:0, instance:TestBPNG@1d8d30f7]" name="tearDown" is-config="true" duration-ms="0" started-at="2016-03-03T10:48:19Z" finished-at="2016-03-03T10:48:19Z">
          <params>
            <param index="0">
              <value>
                <![CDATA[[TestResult name=addMedia status=SUCCESS method=TestBPNG.addMedia()[pri:15, instance:TestBPNG@1d8d30f7] output={null}]]]>
              </value>
            </param>
          </params>
          <reporter-output>
          </reporter-output>
        </test-method> <!-- tearDown -->
        <test-method status="PASS" signature="tearDown(org.testng.ITestResult)[pri:0, instance:TestBPNG@1d8d30f7]" name="tearDown" is-config="true" duration-ms="1" started-at="2016-03-03T10:48:54Z" finished-at="2016-03-03T10:48:54Z">
          <params>
            <param index="0">
              <value>
                <![CDATA[[TestResult name=updateMedia status=SUCCESS method=TestBPNG.updateMedia()[pri:16, instance:TestBPNG@1d8d30f7] output={null}]]]>
              </value>
            </param>
          </params>
          <reporter-output>
          </reporter-output>
        </test-method> <!-- tearDown -->
        <test-method status="PASS" signature="addbookmark()[pri:17, instance:TestBPNG@1d8d30f7]" name="addbookmark" duration-ms="30981" started-at="2016-03-03T10:48:54Z" finished-at="2016-03-03T10:49:25Z">
          <reporter-output>
          </reporter-output>
        </test-method> <!-- addbookmark -->
        <test-method status="PASS" signature="bookmark()[pri:18, instance:TestBPNG@1d8d30f7]" name="bookmark" duration-ms="29970" started-at="2016-03-03T10:49:25Z" finished-at="2016-03-03T10:49:55Z">
          <reporter-output>
          </reporter-output>
        </test-method> <!-- bookmark -->
        <test-method status="PASS" signature="tearDown(org.testng.ITestResult)[pri:0, instance:TestBPNG@1d8d30f7]" name="tearDown" is-config="true" duration-ms="0" started-at="2016-03-03T10:49:25Z" finished-at="2016-03-03T10:49:25Z">
          <params>
            <param index="0">
              <value>
                <![CDATA[[TestResult name=addbookmark status=SUCCESS method=TestBPNG.addbookmark()[pri:17, instance:TestBPNG@1d8d30f7] output={null}]]]>
              </value>
            </param>
          </params>
          <reporter-output>
          </reporter-output>
        </test-method> <!-- tearDown -->
        <test-method status="PASS" signature="tearDown(org.testng.ITestResult)[pri:0, instance:TestBPNG@1d8d30f7]" name="tearDown" is-config="true" duration-ms="0" started-at="2016-03-03T10:49:55Z" finished-at="2016-03-03T10:49:55Z">
          <params>
            <param index="0">
              <value>
                <![CDATA[[TestResult name=bookmark status=SUCCESS method=TestBPNG.bookmark()[pri:18, instance:TestBPNG@1d8d30f7] output={null}]]]>
              </value>
            </param>
          </params>
          <reporter-output>
          </reporter-output>
        </test-method> <!-- tearDown -->
        <test-method status="PASS" signature="chat()[pri:19, instance:TestBPNG@1d8d30f7]" name="chat" duration-ms="39283" started-at="2016-03-03T10:49:55Z" finished-at="2016-03-03T10:50:34Z">
          <reporter-output>
          </reporter-output>
        </test-method> <!-- chat -->
        <test-method status="PASS" signature="tearDown(org.testng.ITestResult)[pri:0, instance:TestBPNG@1d8d30f7]" name="tearDown" is-config="true" duration-ms="0" started-at="2016-03-03T10:50:34Z" finished-at="2016-03-03T10:50:34Z">
          <params>
            <param index="0">
              <value>
                <![CDATA[[TestResult name=chat status=SUCCESS method=TestBPNG.chat()[pri:19, instance:TestBPNG@1d8d30f7] output={null}]]]>
              </value>
            </param>
          </params>
          <reporter-output>
          </reporter-output>
        </test-method> <!-- tearDown -->
        <test-method status="PASS" signature="listchat()[pri:20, instance:TestBPNG@1d8d30f7]" name="listchat" duration-ms="34202" started-at="2016-03-03T10:50:34Z" finished-at="2016-03-03T10:51:08Z">
          <reporter-output>
          </reporter-output>
        </test-method> <!-- listchat -->
        <test-method status="PASS" signature="tearDown(org.testng.ITestResult)[pri:0, instance:TestBPNG@1d8d30f7]" name="tearDown" is-config="true" duration-ms="1" started-at="2016-03-03T10:51:08Z" finished-at="2016-03-03T10:51:08Z">
          <params>
            <param index="0">
              <value>
                <![CDATA[[TestResult name=listchat status=SUCCESS method=TestBPNG.listchat()[pri:20, instance:TestBPNG@1d8d30f7] output={null}]]]>
              </value>
            </param>
          </params>
          <reporter-output>
          </reporter-output>
        </test-method> <!-- tearDown -->
      </class> <!-- TestBPNG -->
    </test> <!-- Default test -->
  </suite> <!-- Default suite -->
</testng-results>
